Case #1: 
GGG
CCC
JJJ
Case #2: 
CODE
CODE
CJAM
Case #3: 
CA
KE
Case #4: 
AAAAAAAAAAAAAAAAAAAAAAAAA
BBBBBBBBBBBBBBBBBBBBBBBBB
CCCCCCCCCCCCCCCCCCCCCCCCC
DDDDDDDDDDDDDDDDDDDDDDDDD
EEEEEEEEEEEEEEEEEEEEEEEEE
FFFFFFFFFFFFFFFFFFFFFFFFF
GGGGGGGGGGGGGGGGGGGGGGGGG
HHHHHHHHHHHHHHHHHHHHHHHHH
IIIIIIIIIIIIIIIIIIIIIIIII
JJJJJJJJJJJJJJJJJJJJJJJJJ
KKKKKKKKKKKKVVVVVVVVVVVVV
LLLLLLLLLLLLWWWWWWWWWWWWW
LLLLLLLLLLLLXXXXXXXXXXXXM
LLLLLLLLLLLLYYYYYYYYYYYNM
LLLLLLLLLLLLOOOOOOOOOOONM
LLLLLLLLLLLLPPPPPPPPPPPNM
LLLLLLLLLLLLQQQQQQQQQQQNM
LLLLLLLLLLLLRRRRRRRRRRRNM
LLLLLLLLLLLLSSSSSSSSSSSNM
LLLLLLLLLLLLTTTTTTTTTTTNM
LLLLLLLLLLLLUUUUUUUUUUUNM
LLLLLLLLLLLLUUUUUUUUUUUNM
LLLLLLLLLLLLUUUUUUUUUUUNM
LLLLLLLLLLLLUUUUUUUUUUUNM
LLLLLLLLLLLLUUUUUUUUUUUNM
